<?xml version="1.0" encoding="UTF-8"?>
<testng-results skipped="0" failed="0" ignored="0" total="1" passed="1">
  <reporter-output>
  </reporter-output>
  <suite name="Default suite" duration-ms="36095" started-at="2021-03-23T14:42:19 IST" finished-at="2021-03-23T14:42:55 IST">
    <groups>
    </groups>
    <test name="Default test" duration-ms="36095" started-at="2021-03-23T14:42:19 IST" finished-at="2021-03-23T14:42:55 IST">
      <class name="eCommerce.TestHomePage">
        <test-method status="PASS" signature="beforeClass()[pri:0, instance:eCommerce.TestHomePage@7ce6a65d]" name="beforeClass" is-config="true" duration-ms="22795" started-at="2021-03-23T14:42:19 IST" finished-at="2021-03-23T14:42:41 IST">
          <reporter-output>
          </reporter-output>
        </test-method> <!-- beforeClass -->
        <test-method status="PASS" signature="testHomePage()[pri:0, instance:eCommerce.TestHomePage@7ce6a65d]" name="testHomePage" duration-ms="13261" started-at="2021-03-23T14:42:41 IST" finished-at="2021-03-23T14:42:55 IST">
          <reporter-output>
          </reporter-output>
        </test-method> <!-- testHomePage -->
      </class> <!-- eCommerce.TestHomePage -->
    </test> <!-- Default test -->
  </suite> <!-- Default suite -->
</testng-results>
