<?xml version="1.0" encoding="UTF-8"?>
<testng-results skipped="0" failed="0" ignored="0" total="1" passed="1">
  <reporter-output>
  </reporter-output>
  <suite name="Default suite" duration-ms="26192" started-at="2021-03-23T12:50:12 IST" finished-at="2021-03-23T12:50:38 IST">
    <groups>
    </groups>
    <test name="Default test" duration-ms="26192" started-at="2021-03-23T12:50:12 IST" finished-at="2021-03-23T12:50:38 IST">
      <class name="TestPicker">
        <test-method status="PASS" signature="setCaps()[pri:0, instance:TestPicker@371a67ec]" name="setCaps" is-config="true" duration-ms="10137" started-at="2021-03-23T12:50:12 IST" finished-at="2021-03-23T12:50:22 IST">
          <reporter-output>
          </reporter-output>
        </test-method> <!-- setCaps -->
        <test-method status="PASS" signature="testPicker()[pri:0, instance:TestPicker@371a67ec]" name="testPicker" duration-ms="16021" started-at="2021-03-23T12:50:22 IST" finished-at="2021-03-23T12:50:38 IST">
          <reporter-output>
          </reporter-output>
        </test-method> <!-- testPicker -->
      </class> <!-- TestPicker -->
    </test> <!-- Default test -->
  </suite> <!-- Default suite -->
</testng-results>
